<?xml version="1.0" encoding="UTF-8"?>
<testsuite name="com.project.ipms.mongodb.MongoDBServiceImplTest" tests="11" skipped="0" failures="0" errors="0" timestamp="2023-12-01T01:30:54" hostname="macbook" time="0.039">
  <properties/>
  <testcase name="testMongoDBFileCheck1()" classname="com.project.ipms.mongodb.MongoDBServiceImplTest" time="0.003"/>
  <testcase name="testMongoDBFileCheck2()" classname="com.project.ipms.mongodb.MongoDBServiceImplTest" time="0.002"/>
  <testcase name="testMongoDBFileCheck3()" classname="com.project.ipms.mongodb.MongoDBServiceImplTest" time="0.002"/>
  <testcase name="testMongoDBOperationCheck1()" classname="com.project.ipms.mongodb.MongoDBServiceImplTest" time="0.002"/>
  <testcase name="testMongoDBOperationCheck2()" classname="com.project.ipms.mongodb.MongoDBServiceImplTest" time="0.003"/>
  <testcase name="testMongoDBOperationCheck3()" classname="com.project.ipms.mongodb.MongoDBServiceImplTest" time="0.002"/>
  <testcase name="testMongoDBOperationCheck4()" classname="com.project.ipms.mongodb.MongoDBServiceImplTest" time="0.002"/>
  <testcase name="testUploadFile1()" classname="com.project.ipms.mongodb.MongoDBServiceImplTest" time="0.002"/>
  <testcase name="testUploadFile2()" classname="com.project.ipms.mongodb.MongoDBServiceImplTest" time="0.003"/>
  <testcase name="testUploadFile3()" classname="com.project.ipms.mongodb.MongoDBServiceImplTest" time="0.003"/>
  <testcase name="testGenerateNewKey()" classname="com.project.ipms.mongodb.MongoDBServiceImplTest" time="0.001"/>
  <system-out><![CDATA[2023-11-30T20:30:54.838-05:00  INFO 9793 --- [Pool-1-worker-1] t.c.s.AnnotationConfigContextLoaderUtils : Could not detect default configuration classes for test class [com.project.ipms.mongodb.MongoDBServiceImplTest]: MongoDBServiceImplTest does not declare any static, non-private, non-final, nested classes annotated with @Configuration.
2023-11-30T20:30:54.841-05:00  INFO 9793 --- [Pool-1-worker-1] .b.t.c.SpringBootTestContextBootstrapper : Found @SpringBootConfiguration com.project.ipms.IpmService for test class com.project.ipms.mongodb.MongoDBServiceImplTest
]]></system-out>
  <system-err><![CDATA[]]></system-err>
</testsuite>
