<?xml version="1.0" encoding="UTF-8"?>
<testsuite name="com.project.ipms.exception.ApiExceptionHandlerTest" tests="12" skipped="0" failures="0" errors="0" timestamp="2023-12-01T01:30:54" hostname="macbook" time="0.03">
  <properties/>
  <testcase name="handleMissingServletRequestPartException()" classname="com.project.ipms.exception.ApiExceptionHandlerTest" time="0.004"/>
  <testcase name="handleMultipartException()" classname="com.project.ipms.exception.ApiExceptionHandlerTest" time="0.002"/>
  <testcase name="handleInvalidCredentialsException()" classname="com.project.ipms.exception.ApiExceptionHandlerTest" time="0.002"/>
  <testcase name="testHandleInvalidFileTypeException()" classname="com.project.ipms.exception.ApiExceptionHandlerTest" time="0.002"/>
  <testcase name="handleMissingServletRequestParameterException()" classname="com.project.ipms.exception.ApiExceptionHandlerTest" time="0.002"/>
  <testcase name="handleFileAlreadyExistsException()" classname="com.project.ipms.exception.ApiExceptionHandlerTest" time="0.002"/>
  <testcase name="handleBadRequestException()" classname="com.project.ipms.exception.ApiExceptionHandlerTest" time="0.002"/>
  <testcase name="handleHttpMessageNotReadableException()" classname="com.project.ipms.exception.ApiExceptionHandlerTest" time="0.002"/>
  <testcase name="handleNumberFormatException()" classname="com.project.ipms.exception.ApiExceptionHandlerTest" time="0.002"/>
  <testcase name="handleFileNotFoundException()" classname="com.project.ipms.exception.ApiExceptionHandlerTest" time="0.002"/>
  <testcase name="handleIOException()" classname="com.project.ipms.exception.ApiExceptionHandlerTest" time="0.001"/>
  <testcase name="handleCriticalServerException()" classname="com.project.ipms.exception.ApiExceptionHandlerTest" time="0.001"/>
  <system-out><![CDATA[2023-11-30T20:30:54.765-05:00  INFO 9793 --- [Pool-1-worker-1] t.c.s.AnnotationConfigContextLoaderUtils : Could not detect default configuration classes for test class [com.project.ipms.exception.ApiExceptionHandlerTest]: ApiExceptionHandlerTest does not declare any static, non-private, non-final, nested classes annotated with @Configuration.
2023-11-30T20:30:54.778-05:00  INFO 9793 --- [Pool-1-worker-1] .b.t.c.SpringBootTestContextBootstrapper : Found @SpringBootConfiguration com.project.ipms.IpmService for test class com.project.ipms.exception.ApiExceptionHandlerTest
]]></system-out>
  <system-err><![CDATA[]]></system-err>
</testsuite>
