<?xml version="1.0" encoding="UTF-8"?>
<testsuite name="com.project.ipms.IpmServiceTests" tests="1" skipped="0" failures="0" errors="0" timestamp="2023-12-01T01:30:53" hostname="macbook" time="0.569">
  <properties/>
  <testcase name="serviceStatusTest()" classname="com.project.ipms.IpmServiceTests" time="0.569"/>
  <system-out><![CDATA[]]></system-out>
  <system-err><![CDATA[]]></system-err>
</testsuite>
