<?xml version="1.0" encoding="UTF-8"?>
<testsuite name="com.project.ipms.controller.FileControllerTest" tests="41" skipped="0" failures="0" errors="0" timestamp="2023-12-01T01:30:53" hostname="macbook" time="0.768">
  <properties/>
  <testcase name="testImageSaturation1()" classname="com.project.ipms.controller.FileControllerTest" time="0.333"/>
  <testcase name="testImageSaturation2()" classname="com.project.ipms.controller.FileControllerTest" time="0.009"/>
  <testcase name="testImageSaturation3()" classname="com.project.ipms.controller.FileControllerTest" time="0.007"/>
  <testcase name="testImageSaturation4()" classname="com.project.ipms.controller.FileControllerTest" time="0.008"/>
  <testcase name="testImageSaturation5()" classname="com.project.ipms.controller.FileControllerTest" time="0.007"/>
  <testcase name="testImageOverlay1()" classname="com.project.ipms.controller.FileControllerTest" time="0.021"/>
  <testcase name="testImageOverlay2()" classname="com.project.ipms.controller.FileControllerTest" time="0.025"/>
  <testcase name="testImageOverlay3()" classname="com.project.ipms.controller.FileControllerTest" time="0.014"/>
  <testcase name="testImageOverlay4()" classname="com.project.ipms.controller.FileControllerTest" time="0.007"/>
  <testcase name="testImageOverlay5()" classname="com.project.ipms.controller.FileControllerTest" time="0.009"/>
  <testcase name="testImageOverlay6()" classname="com.project.ipms.controller.FileControllerTest" time="0.007"/>
  <testcase name="testUploadFile1()" classname="com.project.ipms.controller.FileControllerTest" time="0.01"/>
  <testcase name="testUploadFile2()" classname="com.project.ipms.controller.FileControllerTest" time="0.007"/>
  <testcase name="testUploadFile3()" classname="com.project.ipms.controller.FileControllerTest" time="0.007"/>
  <testcase name="testUploadFile4()" classname="com.project.ipms.controller.FileControllerTest" time="0.006"/>
  <testcase name="testUploadFile5()" classname="com.project.ipms.controller.FileControllerTest" time="0.009"/>
  <testcase name="testUploadFile6()" classname="com.project.ipms.controller.FileControllerTest" time="0.007"/>
  <testcase name="testUploadFile7()" classname="com.project.ipms.controller.FileControllerTest" time="0.007"/>
  <testcase name="testUploadFile8()" classname="com.project.ipms.controller.FileControllerTest" time="0.007"/>
  <testcase name="testImageTransparent1()" classname="com.project.ipms.controller.FileControllerTest" time="0.008"/>
  <testcase name="testImageTransparent2()" classname="com.project.ipms.controller.FileControllerTest" time="0.007"/>
  <testcase name="testImageTransparent3()" classname="com.project.ipms.controller.FileControllerTest" time="0.005"/>
  <testcase name="testImageTransparent4()" classname="com.project.ipms.controller.FileControllerTest" time="0.007"/>
  <testcase name="testImageTransparent5()" classname="com.project.ipms.controller.FileControllerTest" time="0.004"/>
  <testcase name="testImageTransparent6()" classname="com.project.ipms.controller.FileControllerTest" time="0.008"/>
  <testcase name="testGenerateClientID()" classname="com.project.ipms.controller.FileControllerTest" time="0.004"/>
  <testcase name="testDownloadFile1()" classname="com.project.ipms.controller.FileControllerTest" time="0.016"/>
  <testcase name="testDownloadFile2()" classname="com.project.ipms.controller.FileControllerTest" time="0.006"/>
  <testcase name="testDownloadFile3()" classname="com.project.ipms.controller.FileControllerTest" time="0.005"/>
  <testcase name="testDownloadFile4()" classname="com.project.ipms.controller.FileControllerTest" time="0.007"/>
  <testcase name="testDownloadFile5()" classname="com.project.ipms.controller.FileControllerTest" time="0.006"/>
  <testcase name="testDownloadFile6()" classname="com.project.ipms.controller.FileControllerTest" time="0.003"/>
  <testcase name="testDownloadFile7()" classname="com.project.ipms.controller.FileControllerTest" time="0.008"/>
  <testcase name="testImageCrop1()" classname="com.project.ipms.controller.FileControllerTest" time="0.009"/>
  <testcase name="testImageCrop2()" classname="com.project.ipms.controller.FileControllerTest" time="0.012"/>
  <testcase name="testImageCrop3()" classname="com.project.ipms.controller.FileControllerTest" time="0.01"/>
  <testcase name="testImageCrop4()" classname="com.project.ipms.controller.FileControllerTest" time="0.009"/>
  <testcase name="testImageCrop5()" classname="com.project.ipms.controller.FileControllerTest" time="0.007"/>
  <testcase name="testImageCrop6()" classname="com.project.ipms.controller.FileControllerTest" time="0.006"/>
  <testcase name="testImageCrop7()" classname="com.project.ipms.controller.FileControllerTest" time="0.009"/>
  <testcase name="testImageCrop8()" classname="com.project.ipms.controller.FileControllerTest" time="0.006"/>
  <system-out><![CDATA[2023-11-30T20:30:53.740-05:00  INFO 9793 --- [Pool-1-worker-1] t.c.s.AnnotationConfigContextLoaderUtils : Could not detect default configuration classes for test class [com.project.ipms.controller.FileControllerTest]: FileControllerTest does not declare any static, non-private, non-final, nested classes annotated with @Configuration.
2023-11-30T20:30:53.747-05:00  INFO 9793 --- [Pool-1-worker-1] .b.t.c.SpringBootTestContextBootstrapper : Found @SpringBootConfiguration com.project.ipms.IpmService for test class com.project.ipms.controller.FileControllerTest
]]></system-out>
  <system-err><![CDATA[]]></system-err>
</testsuite>
