<?xml version="1.0" encoding="UTF-8"?>
<testsuite name="com.project.ipms.controller.ExternalIntTest" tests="2" skipped="0" failures="0" errors="0" timestamp="2023-11-28T02:29:14" hostname="MSI" time="3.951">
  <properties/>
  <testcase name="fileControllerIntTest1()" classname="com.project.ipms.controller.ExternalIntTest" time="1.873"/>
  <testcase name="fileControllerIntTest2()" classname="com.project.ipms.controller.ExternalIntTest" time="2.077"/>
  <system-out><![CDATA[2023-11-27T21:29:14.568-05:00  INFO 46288 --- [    Test worker] t.c.s.AnnotationConfigContextLoaderUtils : Could not detect default configuration classes for test class [com.project.ipms.controller.ExternalIntTest]: ExternalIntTest does not declare any static, non-private, non-final, nested classes annotated with @Configuration.
2023-11-27T21:29:14.579-05:00  INFO 46288 --- [    Test worker] .b.t.c.SpringBootTestContextBootstrapper : Found @SpringBootConfiguration com.project.ipms.IpmService for test class com.project.ipms.controller.ExternalIntTest
]]></system-out>
  <system-err><![CDATA[]]></system-err>
</testsuite>
