<?xml version="1.0" encoding="UTF-8"?>
<testsuite name="com.project.ipms.IpmServiceTests" tests="1" skipped="0" failures="0" errors="0" timestamp="2023-11-28T02:29:13" hostname="MSI" time="0.753">
  <properties/>
  <testcase name="serviceStatusTest()" classname="com.project.ipms.IpmServiceTests" time="0.753"/>
  <system-out><![CDATA[21:29:05.971 [Test worker] INFO org.springframework.test.context.support.AnnotationConfigContextLoaderUtils -- Could not detect default configuration classes for test class [com.project.ipms.IpmServiceTests]: IpmServiceTests does not declare any static, non-private, non-final, nested classes annotated with @Configuration.
21:29:06.344 [Test worker] INFO org.springframework.boot.test.context.SpringBootTestContextBootstrapper -- Found @SpringBootConfiguration com.project.ipms.IpmService for test class com.project.ipms.IpmServiceTests

  .   ____          _            __ _ _
 /\\ / ___'_ __ _ _(_)_ __  __ _ \ \ \ \
( ( )\___ | '_ | '_| | '_ \/ _` | \ \ \ \
 \\/  ___)| |_)| | | | | || (_| |  ) ) ) )
  '  |____| .__|_| |_|_| |_\__, | / / / /
 =========|_|==============|___/=/_/_/_/
 :: Spring Boot ::                (v3.1.4)

2023-11-27T21:29:07.719-05:00  INFO 46288 --- [    Test worker] com.project.ipms.IpmServiceTests         : Starting IpmServiceTests using Java 17.0.9 with PID 46288 (started by lawre in C:\Users\lawre\4156_project)
2023-11-27T21:29:07.724-05:00  INFO 46288 --- [    Test worker] com.project.ipms.IpmServiceTests         : No active profile set, falling back to 1 default profile: "default"
2023-11-27T21:29:09.305-05:00  INFO 46288 --- [    Test worker] .s.d.r.c.RepositoryConfigurationDelegate : Bootstrapping Spring Data MongoDB repositories in DEFAULT mode.
2023-11-27T21:29:09.452-05:00  INFO 46288 --- [    Test worker] .s.d.r.c.RepositoryConfigurationDelegate : Finished Spring Data repository scanning in 129 ms. Found 1 MongoDB repository interfaces.
2023-11-27T21:29:10.815-05:00  INFO 46288 --- [    Test worker] c.g.c.s.a.c.GcpContextAutoConfiguration  : The default project ID is ipms-401220
2023-11-27T21:29:11.111-05:00  INFO 46288 --- [    Test worker] c.g.c.s.core.DefaultCredentialsProvider  : Default credentials provider for service account ipms-service@ipms-401220.iam.gserviceaccount.com
2023-11-27T21:29:11.112-05:00  INFO 46288 --- [    Test worker] c.g.c.s.core.DefaultCredentialsProvider  : Scopes in use by default credentials: [https://www.googleapis.com/auth/pubsub, https://www.googleapis.com/auth/spanner.admin, https://www.googleapis.com/auth/spanner.data, https://www.googleapis.com/auth/datastore, https://www.googleapis.com/auth/sqlservice.admin, https://www.googleapis.com/auth/devstorage.read_only, https://www.googleapis.com/auth/devstorage.read_write, https://www.googleapis.com/auth/cloudruntimeconfig, https://www.googleapis.com/auth/trace.append, https://www.googleapis.com/auth/cloud-platform, https://www.googleapis.com/auth/cloud-vision, https://www.googleapis.com/auth/bigquery, https://www.googleapis.com/auth/monitoring.write]
2023-11-27T21:29:12.074-05:00  INFO 46288 --- [oz1.mongodb.net] org.mongodb.driver.cluster               : Adding discovered server ac-nw8jh2l-shard-00-00.a8yuoz1.mongodb.net:27017 to client view of cluster
2023-11-27T21:29:12.135-05:00  INFO 46288 --- [    Test worker] org.mongodb.driver.client                : MongoClient with metadata {"driver": {"name": "mongo-java-driver|sync|spring-boot", "version": "4.9.1"}, "os": {"type": "Windows", "name": "Windows 10", "architecture": "amd64", "version": "10.0"}, "platform": "Java/Eclipse Adoptium/17.0.9+9"} created with settings MongoClientSettings{readPreference=primary, writeConcern=WriteConcern{w=null, wTimeout=null ms, journal=null}, retryWrites=true, retryReads=true, readConcern=ReadConcern{level=null}, credential=MongoCredential{mechanism=null, userName='IPMS', source='admin', password=<hidden>, mechanismProperties=<hidden>}, streamFactoryFactory=null, commandListeners=[], codecRegistry=ProvidersCodecRegistry{codecProviders=[ValueCodecProvider{}, BsonValueCodecProvider{}, DBRefCodecProvider{}, DBObjectCodecProvider{}, DocumentCodecProvider{}, CollectionCodecProvider{}, IterableCodecProvider{}, MapCodecProvider{}, GeoJsonCodecProvider{}, GridFSFileCodecProvider{}, Jsr310CodecProvider{}, JsonObjectCodecProvider{}, BsonCodecProvider{}, EnumCodecProvider{}, com.mongodb.client.model.mql.ExpressionCodecProvider@ceeb762, com.mongodb.Jep395RecordCodecProvider@3b75fdd0]}, loggerSettings=LoggerSettings{maxDocumentLength=1000}, clusterSettings={hosts=[127.0.0.1:27017], srvHost=ipms.a8yuoz1.mongodb.net, srvServiceName=mongodb, mode=MULTIPLE, requiredClusterType=REPLICA_SET, requiredReplicaSetName='atlas-kkr1s0-shard-0', serverSelector='null', clusterListeners='[]', serverSelectionTimeout='30000 ms', localThreshold='30000 ms'}, socketSettings=SocketSettings{connectTimeoutMS=10000, readTimeoutMS=0, receiveBufferSize=0, sendBufferSize=0}, heartbeatSocketSettings=SocketSettings{connectTimeoutMS=10000, readTimeoutMS=10000, receiveBufferSize=0, sendBufferSize=0}, connectionPoolSettings=ConnectionPoolSettings{maxSize=100, minSize=0, maxWaitTimeMS=120000, maxConnectionLifeTimeMS=0, maxConnectionIdleTimeMS=0, maintenanceInitialDelayMS=0, maintenanceFrequencyMS=60000, connectionPoolListeners=[], maxConnecting=2}, serverSettings=ServerSettings{heartbeatFrequencyMS=10000, minHeartbeatFrequencyMS=500, serverListeners='[]', serverMonitorListeners='[]'}, sslSettings=SslSettings{enabled=true, invalidHostNameAllowed=false, context=null}, applicationName='null', compressorList=[], uuidRepresentation=JAVA_LEGACY, serverApi=null, autoEncryptionSettings=null, contextProvider=null}
2023-11-27T21:29:12.149-05:00  INFO 46288 --- [oz1.mongodb.net] org.mongodb.driver.cluster               : Adding discovered server ac-nw8jh2l-shard-00-01.a8yuoz1.mongodb.net:27017 to client view of cluster
2023-11-27T21:29:12.152-05:00  INFO 46288 --- [oz1.mongodb.net] org.mongodb.driver.cluster               : Adding discovered server ac-nw8jh2l-shard-00-02.a8yuoz1.mongodb.net:27017 to client view of cluster
2023-11-27T21:29:12.876-05:00  INFO 46288 --- [ngodb.net:27017] org.mongodb.driver.cluster               : Monitor thread successfully connected to server with description ServerDescription{address=ac-nw8jh2l-shard-00-00.a8yuoz1.mongodb.net:27017, type=REPLICA_SET_SECONDARY, state=CONNECTED, ok=true, minWireVersion=0, maxWireVersion=17, maxDocumentSize=16777216, logicalSessionTimeoutMinutes=30, roundTripTimeNanos=341869400, setName='atlas-kkr1s0-shard-0', canonicalAddress=ac-nw8jh2l-shard-00-00.a8yuoz1.mongodb.net:27017, hosts=[ac-nw8jh2l-shard-00-00.a8yuoz1.mongodb.net:27017, ac-nw8jh2l-shard-00-02.a8yuoz1.mongodb.net:27017, ac-nw8jh2l-shard-00-01.a8yuoz1.mongodb.net:27017], passives=[], arbiters=[], primary='ac-nw8jh2l-shard-00-01.a8yuoz1.mongodb.net:27017', tagSet=TagSet{[Tag{name='availabilityZone', value='use1-az2'}, Tag{name='nodeType', value='ELECTABLE'}, Tag{name='provider', value='AWS'}, Tag{name='region', value='US_EAST_1'}, Tag{name='workloadType', value='OPERATIONAL'}]}, electionId=null, setVersion=2, topologyVersion=TopologyVersion{processId=655e34176d7ea776eaf549c8, counter=4}, lastWriteDate=Mon Nov 27 21:29:12 EST 2023, lastUpdateTimeNanos=39389920131000}
2023-11-27T21:29:12.876-05:00  INFO 46288 --- [ngodb.net:27017] org.mongodb.driver.cluster               : Monitor thread successfully connected to server with description ServerDescription{address=ac-nw8jh2l-shard-00-01.a8yuoz1.mongodb.net:27017, type=REPLICA_SET_PRIMARY, state=CONNECTED, ok=true, minWireVersion=0, maxWireVersion=17, maxDocumentSize=16777216, logicalSessionTimeoutMinutes=30, roundTripTimeNanos=341883800, setName='atlas-kkr1s0-shard-0', canonicalAddress=ac-nw8jh2l-shard-00-01.a8yuoz1.mongodb.net:27017, hosts=[ac-nw8jh2l-shard-00-00.a8yuoz1.mongodb.net:27017, ac-nw8jh2l-shard-00-02.a8yuoz1.mongodb.net:27017, ac-nw8jh2l-shard-00-01.a8yuoz1.mongodb.net:27017], passives=[], arbiters=[], primary='ac-nw8jh2l-shard-00-01.a8yuoz1.mongodb.net:27017', tagSet=TagSet{[Tag{name='availabilityZone', value='use1-az4'}, Tag{name='nodeType', value='ELECTABLE'}, Tag{name='provider', value='AWS'}, Tag{name='region', value='US_EAST_1'}, Tag{name='workloadType', value='OPERATIONAL'}]}, electionId=7fffffff000000000000000e, setVersion=2, topologyVersion=TopologyVersion{processId=655e35a80265b85af77425d6, counter=6}, lastWriteDate=Mon Nov 27 21:29:12 EST 2023, lastUpdateTimeNanos=39389920130900}
2023-11-27T21:29:12.876-05:00  INFO 46288 --- [ngodb.net:27017] org.mongodb.driver.cluster               : Monitor thread successfully connected to server with description ServerDescription{address=ac-nw8jh2l-shard-00-02.a8yuoz1.mongodb.net:27017, type=REPLICA_SET_SECONDARY, state=CONNECTED, ok=true, minWireVersion=0, maxWireVersion=17, maxDocumentSize=16777216, logicalSessionTimeoutMinutes=30, roundTripTimeNanos=341540200, setName='atlas-kkr1s0-shard-0', canonicalAddress=ac-nw8jh2l-shard-00-02.a8yuoz1.mongodb.net:27017, hosts=[ac-nw8jh2l-shard-00-00.a8yuoz1.mongodb.net:27017, ac-nw8jh2l-shard-00-02.a8yuoz1.mongodb.net:27017, ac-nw8jh2l-shard-00-01.a8yuoz1.mongodb.net:27017], passives=[], arbiters=[], primary='ac-nw8jh2l-shard-00-01.a8yuoz1.mongodb.net:27017', tagSet=TagSet{[Tag{name='availabilityZone', value='use1-az5'}, Tag{name='nodeType', value='ELECTABLE'}, Tag{name='provider', value='AWS'}, Tag{name='region', value='US_EAST_1'}, Tag{name='workloadType', value='OPERATIONAL'}]}, electionId=null, setVersion=2, topologyVersion=TopologyVersion{processId=655e36b9ff1707faeac8f3d1, counter=3}, lastWriteDate=Mon Nov 27 21:29:12 EST 2023, lastUpdateTimeNanos=39389920131000}
2023-11-27T21:29:12.883-05:00  INFO 46288 --- [ngodb.net:27017] org.mongodb.driver.cluster               : Discovered replica set primary ac-nw8jh2l-shard-00-01.a8yuoz1.mongodb.net:27017 with max election id 7fffffff000000000000000e and max set version 2
2023-11-27T21:29:13.776-05:00  INFO 46288 --- [    Test worker] com.project.ipms.IpmServiceTests         : Started IpmServiceTests in 6.984 seconds (process running for 11.313)
]]></system-out>
  <system-err><![CDATA[]]></system-err>
</testsuite>
