<?xml version="1.0" encoding="UTF-8"?>
<testsuite name="com.project.ipms.IpmServiceTests" tests="1" skipped="0" failures="0" errors="0" timestamp="2023-12-01T00:04:56" hostname="macbook" time="0.525">
  <properties/>
  <testcase name="serviceStatusTest()" classname="com.project.ipms.IpmServiceTests" time="0.525"/>
  <system-out><![CDATA[19:04:54.842 [Test worker] INFO org.springframework.test.context.support.AnnotationConfigContextLoaderUtils -- Could not detect default configuration classes for test class [com.project.ipms.IpmServiceTests]: IpmServiceTests does not declare any static, non-private, non-final, nested classes annotated with @Configuration.
19:04:54.934 [Test worker] INFO org.springframework.boot.test.context.SpringBootTestContextBootstrapper -- Found @SpringBootConfiguration com.project.ipms.IpmService for test class com.project.ipms.IpmServiceTests

  .   ____          _            __ _ _
 /\\ / ___'_ __ _ _(_)_ __  __ _ \ \ \ \
( ( )\___ | '_ | '_| | '_ \/ _` | \ \ \ \
 \\/  ___)| |_)| | | | | || (_| |  ) ) ) )
  '  |____| .__|_| |_|_| |_\__, | / / / /
 =========|_|==============|___/=/_/_/_/
 :: Spring Boot ::                (v3.1.4)

2023-11-30T19:04:55.201-05:00  INFO 7509 --- [    Test worker] com.project.ipms.IpmServiceTests         : Starting IpmServiceTests using Java 17.0.8 with PID 7509 (started by lawrence in /Users/lawrence/4156_project)
2023-11-30T19:04:55.202-05:00  INFO 7509 --- [    Test worker] com.project.ipms.IpmServiceTests         : No active profile set, falling back to 1 default profile: "default"
2023-11-30T19:04:55.619-05:00  INFO 7509 --- [    Test worker] .s.d.r.c.RepositoryConfigurationDelegate : Bootstrapping Spring Data MongoDB repositories in DEFAULT mode.
2023-11-30T19:04:55.642-05:00  INFO 7509 --- [    Test worker] .s.d.r.c.RepositoryConfigurationDelegate : Finished Spring Data repository scanning in 20 ms. Found 1 MongoDB repository interfaces.
2023-11-30T19:04:55.895-05:00  INFO 7509 --- [    Test worker] c.g.c.s.a.c.GcpContextAutoConfiguration  : The default project ID is ipms-401220
2023-11-30T19:04:55.963-05:00  INFO 7509 --- [    Test worker] c.g.c.s.core.DefaultCredentialsProvider  : Default credentials provider for service account ipms-service@ipms-401220.iam.gserviceaccount.com
2023-11-30T19:04:55.963-05:00  INFO 7509 --- [    Test worker] c.g.c.s.core.DefaultCredentialsProvider  : Scopes in use by default credentials: [https://www.googleapis.com/auth/pubsub, https://www.googleapis.com/auth/spanner.admin, https://www.googleapis.com/auth/spanner.data, https://www.googleapis.com/auth/datastore, https://www.googleapis.com/auth/sqlservice.admin, https://www.googleapis.com/auth/devstorage.read_only, https://www.googleapis.com/auth/devstorage.read_write, https://www.googleapis.com/auth/cloudruntimeconfig, https://www.googleapis.com/auth/trace.append, https://www.googleapis.com/auth/cloud-platform, https://www.googleapis.com/auth/cloud-vision, https://www.googleapis.com/auth/bigquery, https://www.googleapis.com/auth/monitoring.write]
2023-11-30T19:04:56.181-05:00  INFO 7509 --- [    Test worker] org.mongodb.driver.client                : MongoClient with metadata {"driver": {"name": "mongo-java-driver|sync|spring-boot", "version": "4.9.1"}, "os": {"type": "Darwin", "name": "Mac OS X", "architecture": "aarch64", "version": "14.1.1"}, "platform": "Java/Oracle Corporation/17.0.8+9-LTS-211"} created with settings MongoClientSettings{readPreference=primary, writeConcern=WriteConcern{w=null, wTimeout=null ms, journal=null}, retryWrites=true, retryReads=true, readConcern=ReadConcern{level=null}, credential=MongoCredential{mechanism=null, userName='IPMS', source='admin', password=<hidden>, mechanismProperties=<hidden>}, streamFactoryFactory=null, commandListeners=[], codecRegistry=ProvidersCodecRegistry{codecProviders=[ValueCodecProvider{}, BsonValueCodecProvider{}, DBRefCodecProvider{}, DBObjectCodecProvider{}, DocumentCodecProvider{}, CollectionCodecProvider{}, IterableCodecProvider{}, MapCodecProvider{}, GeoJsonCodecProvider{}, GridFSFileCodecProvider{}, Jsr310CodecProvider{}, JsonObjectCodecProvider{}, BsonCodecProvider{}, EnumCodecProvider{}, com.mongodb.client.model.mql.ExpressionCodecProvider@187c8f96, com.mongodb.Jep395RecordCodecProvider@592e315e]}, loggerSettings=LoggerSettings{maxDocumentLength=1000}, clusterSettings={hosts=[127.0.0.1:27017], srvHost=ipms.a8yuoz1.mongodb.net, srvServiceName=mongodb, mode=MULTIPLE, requiredClusterType=REPLICA_SET, requiredReplicaSetName='atlas-kkr1s0-shard-0', serverSelector='null', clusterListeners='[]', serverSelectionTimeout='30000 ms', localThreshold='30000 ms'}, socketSettings=SocketSettings{connectTimeoutMS=10000, readTimeoutMS=0, receiveBufferSize=0, sendBufferSize=0}, heartbeatSocketSettings=SocketSettings{connectTimeoutMS=10000, readTimeoutMS=10000, receiveBufferSize=0, sendBufferSize=0}, connectionPoolSettings=ConnectionPoolSettings{maxSize=100, minSize=0, maxWaitTimeMS=120000, maxConnectionLifeTimeMS=0, maxConnectionIdleTimeMS=0, maintenanceInitialDelayMS=0, maintenanceFrequencyMS=60000, connectionPoolListeners=[], maxConnecting=2}, serverSettings=ServerSettings{heartbeatFrequencyMS=10000, minHeartbeatFrequencyMS=500, serverListeners='[]', serverMonitorListeners='[]'}, sslSettings=SslSettings{enabled=true, invalidHostNameAllowed=false, context=null}, applicationName='null', compressorList=[], uuidRepresentation=JAVA_LEGACY, serverApi=null, autoEncryptionSettings=null, contextProvider=null}
2023-11-30T19:04:56.202-05:00  INFO 7509 --- [oz1.mongodb.net] org.mongodb.driver.cluster               : Adding discovered server ac-nw8jh2l-shard-00-00.a8yuoz1.mongodb.net:27017 to client view of cluster
2023-11-30T19:04:56.219-05:00  INFO 7509 --- [oz1.mongodb.net] org.mongodb.driver.cluster               : Adding discovered server ac-nw8jh2l-shard-00-01.a8yuoz1.mongodb.net:27017 to client view of cluster
2023-11-30T19:04:56.221-05:00  INFO 7509 --- [oz1.mongodb.net] org.mongodb.driver.cluster               : Adding discovered server ac-nw8jh2l-shard-00-02.a8yuoz1.mongodb.net:27017 to client view of cluster
2023-11-30T19:04:56.657-05:00  INFO 7509 --- [    Test worker] com.project.ipms.IpmServiceTests         : Started IpmServiceTests in 1.621 seconds (process running for 2.586)
2023-11-30T19:04:56.745-05:00  INFO 7509 --- [ngodb.net:27017] org.mongodb.driver.cluster               : Monitor thread successfully connected to server with description ServerDescription{address=ac-nw8jh2l-shard-00-00.a8yuoz1.mongodb.net:27017, type=REPLICA_SET_SECONDARY, state=CONNECTED, ok=true, minWireVersion=0, maxWireVersion=17, maxDocumentSize=16777216, logicalSessionTimeoutMinutes=30, roundTripTimeNanos=334211333, setName='atlas-kkr1s0-shard-0', canonicalAddress=ac-nw8jh2l-shard-00-00.a8yuoz1.mongodb.net:27017, hosts=[ac-nw8jh2l-shard-00-00.a8yuoz1.mongodb.net:27017, ac-nw8jh2l-shard-00-02.a8yuoz1.mongodb.net:27017, ac-nw8jh2l-shard-00-01.a8yuoz1.mongodb.net:27017], passives=[], arbiters=[], primary='ac-nw8jh2l-shard-00-02.a8yuoz1.mongodb.net:27017', tagSet=TagSet{[Tag{name='availabilityZone', value='use1-az2'}, Tag{name='nodeType', value='ELECTABLE'}, Tag{name='provider', value='AWS'}, Tag{name='region', value='US_EAST_1'}, Tag{name='workloadType', value='OPERATIONAL'}]}, electionId=null, setVersion=2, topologyVersion=TopologyVersion{processId=65661d585db3fe2f6564fd9d, counter=8}, lastWriteDate=Thu Nov 30 19:04:56 EST 2023, lastUpdateTimeNanos=33099612627958}
2023-11-30T19:04:56.745-05:00  INFO 7509 --- [ngodb.net:27017] org.mongodb.driver.cluster               : Monitor thread successfully connected to server with description ServerDescription{address=ac-nw8jh2l-shard-00-01.a8yuoz1.mongodb.net:27017, type=REPLICA_SET_SECONDARY, state=CONNECTED, ok=true, minWireVersion=0, maxWireVersion=17, maxDocumentSize=16777216, logicalSessionTimeoutMinutes=30, roundTripTimeNanos=335128667, setName='atlas-kkr1s0-shard-0', canonicalAddress=ac-nw8jh2l-shard-00-01.a8yuoz1.mongodb.net:27017, hosts=[ac-nw8jh2l-shard-00-00.a8yuoz1.mongodb.net:27017, ac-nw8jh2l-shard-00-02.a8yuoz1.mongodb.net:27017, ac-nw8jh2l-shard-00-01.a8yuoz1.mongodb.net:27017], passives=[], arbiters=[], primary='ac-nw8jh2l-shard-00-02.a8yuoz1.mongodb.net:27017', tagSet=TagSet{[Tag{name='availabilityZone', value='use1-az4'}, Tag{name='nodeType', value='ELECTABLE'}, Tag{name='provider', value='AWS'}, Tag{name='region', value='US_EAST_1'}, Tag{name='workloadType', value='OPERATIONAL'}]}, electionId=null, setVersion=2, topologyVersion=TopologyVersion{processId=65661e13a4d70e4d244b805c, counter=3}, lastWriteDate=Thu Nov 30 19:04:56 EST 2023, lastUpdateTimeNanos=33099615070041}
2023-11-30T19:04:56.745-05:00  INFO 7509 --- [ngodb.net:27017] org.mongodb.driver.cluster               : Monitor thread successfully connected to server with description ServerDescription{address=ac-nw8jh2l-shard-00-02.a8yuoz1.mongodb.net:27017, type=REPLICA_SET_PRIMARY, state=CONNECTED, ok=true, minWireVersion=0, maxWireVersion=17, maxDocumentSize=16777216, logicalSessionTimeoutMinutes=30, roundTripTimeNanos=334100667, setName='atlas-kkr1s0-shard-0', canonicalAddress=ac-nw8jh2l-shard-00-02.a8yuoz1.mongodb.net:27017, hosts=[ac-nw8jh2l-shard-00-00.a8yuoz1.mongodb.net:27017, ac-nw8jh2l-shard-00-02.a8yuoz1.mongodb.net:27017, ac-nw8jh2l-shard-00-01.a8yuoz1.mongodb.net:27017], passives=[], arbiters=[], primary='ac-nw8jh2l-shard-00-02.a8yuoz1.mongodb.net:27017', tagSet=TagSet{[Tag{name='availabilityZone', value='use1-az5'}, Tag{name='nodeType', value='ELECTABLE'}, Tag{name='provider', value='AWS'}, Tag{name='region', value='US_EAST_1'}, Tag{name='workloadType', value='OPERATIONAL'}]}, electionId=7fffffff0000000000000010, setVersion=2, topologyVersion=TopologyVersion{processId=65661db583cbab208f0b5677, counter=7}, lastWriteDate=Thu Nov 30 19:04:56 EST 2023, lastUpdateTimeNanos=33099613759291}
2023-11-30T19:04:56.748-05:00  INFO 7509 --- [ngodb.net:27017] org.mongodb.driver.cluster               : Discovered replica set primary ac-nw8jh2l-shard-00-02.a8yuoz1.mongodb.net:27017 with max election id 7fffffff0000000000000010 and max set version 2
]]></system-out>
  <system-err><![CDATA[]]></system-err>
</testsuite>
