<?xml version="1.0" encoding="UTF-8"?>
<testsuite name="com.project.ipms.service.FileServiceImplTest" tests="6" skipped="0" failures="0" errors="0" timestamp="2023-11-28T02:36:56" hostname="MSI" time="0.183">
  <properties/>
  <testcase name="testListOfFiles()" classname="com.project.ipms.service.FileServiceImplTest" time="0.044"/>
  <testcase name="testDeleteFile1()" classname="com.project.ipms.service.FileServiceImplTest" time="0.098"/>
  <testcase name="testDeleteFile2()" classname="com.project.ipms.service.FileServiceImplTest" time="0.009"/>
  <testcase name="testUploadFile()" classname="com.project.ipms.service.FileServiceImplTest" time="0.008"/>
  <testcase name="testDownloadFile1()" classname="com.project.ipms.service.FileServiceImplTest" time="0.009"/>
  <testcase name="testDownloadFile2()" classname="com.project.ipms.service.FileServiceImplTest" time="0.007"/>
  <system-out><![CDATA[2023-11-27T21:36:56.334-05:00  INFO 37796 --- [    Test worker] t.c.s.AnnotationConfigContextLoaderUtils : Could not detect default configuration classes for test class [com.project.ipms.service.FileServiceImplTest]: FileServiceImplTest does not declare any static, non-private, non-final, nested classes annotated with @Configuration.
2023-11-27T21:36:56.346-05:00  INFO 37796 --- [    Test worker] .b.t.c.SpringBootTestContextBootstrapper : Found @SpringBootConfiguration com.project.ipms.IpmService for test class com.project.ipms.service.FileServiceImplTest
]]></system-out>
  <system-err><![CDATA[]]></system-err>
</testsuite>
