<?xml version="1.0" encoding="UTF-8"?>
<testsuite name="com.project.ipms.service.FileServiceImplTest" tests="6" skipped="0" failures="0" errors="0" timestamp="2023-11-28T02:29:20" hostname="MSI" time="0.187">
  <properties/>
  <testcase name="testListOfFiles()" classname="com.project.ipms.service.FileServiceImplTest" time="0.046"/>
  <testcase name="testDeleteFile1()" classname="com.project.ipms.service.FileServiceImplTest" time="0.105"/>
  <testcase name="testDeleteFile2()" classname="com.project.ipms.service.FileServiceImplTest" time="0.007"/>
  <testcase name="testUploadFile()" classname="com.project.ipms.service.FileServiceImplTest" time="0.007"/>
  <testcase name="testDownloadFile1()" classname="com.project.ipms.service.FileServiceImplTest" time="0.008"/>
  <testcase name="testDownloadFile2()" classname="com.project.ipms.service.FileServiceImplTest" time="0.007"/>
  <system-out><![CDATA[2023-11-27T21:29:20.004-05:00  INFO 46288 --- [    Test worker] t.c.s.AnnotationConfigContextLoaderUtils : Could not detect default configuration classes for test class [com.project.ipms.service.FileServiceImplTest]: FileServiceImplTest does not declare any static, non-private, non-final, nested classes annotated with @Configuration.
2023-11-27T21:29:20.014-05:00  INFO 46288 --- [    Test worker] .b.t.c.SpringBootTestContextBootstrapper : Found @SpringBootConfiguration com.project.ipms.IpmService for test class com.project.ipms.service.FileServiceImplTest
]]></system-out>
  <system-err><![CDATA[]]></system-err>
</testsuite>
