<?xml version="1.0" encoding="UTF-8"?>
<testsuite name="com.project.ipms.service.ImageServiceImplTest" tests="3" skipped="0" failures="0" errors="0" timestamp="2023-12-01T00:05:06" hostname="macbook" time="1.435">
  <properties/>
  <testcase name="testImageSaturation()" classname="com.project.ipms.service.ImageServiceImplTest" time="0.662"/>
  <testcase name="testImageTransparency1()" classname="com.project.ipms.service.ImageServiceImplTest" time="0.618"/>
  <testcase name="testImageCropping()" classname="com.project.ipms.service.ImageServiceImplTest" time="0.154"/>
  <system-out><![CDATA[]]></system-out>
  <system-err><![CDATA[]]></system-err>
</testsuite>
