<?xml version="1.0" encoding="UTF-8"?>
<testsuite name="com.project.ipms.controller.ExternalIntTest" tests="3" skipped="0" failures="0" errors="0" timestamp="2023-12-01T00:04:57" hostname="macbook" time="8.274">
  <properties/>
  <testcase name="fileControllerIntTest1()" classname="com.project.ipms.controller.ExternalIntTest" time="2.139"/>
  <testcase name="fileControllerIntTest2()" classname="com.project.ipms.controller.ExternalIntTest" time="2.426"/>
  <testcase name="fileControllerIntTest3()" classname="com.project.ipms.controller.ExternalIntTest" time="3.708"/>
  <system-out><![CDATA[2023-11-30T19:04:57.204-05:00  INFO 7509 --- [    Test worker] t.c.s.AnnotationConfigContextLoaderUtils : Could not detect default configuration classes for test class [com.project.ipms.controller.ExternalIntTest]: ExternalIntTest does not declare any static, non-private, non-final, nested classes annotated with @Configuration.
2023-11-30T19:04:57.214-05:00  INFO 7509 --- [    Test worker] .b.t.c.SpringBootTestContextBootstrapper : Found @SpringBootConfiguration com.project.ipms.IpmService for test class com.project.ipms.controller.ExternalIntTest
]]></system-out>
  <system-err><![CDATA[]]></system-err>
</testsuite>
