<?xml version="1.0" encoding="UTF-8"?>
<testsuite name="com.project.ipms.mongodb.ClientEntryTest" tests="2" skipped="0" failures="0" errors="0" timestamp="2023-12-01T01:00:52" hostname="macbook" time="0.008">
  <properties/>
  <testcase name="clientEntryTest1()" classname="com.project.ipms.mongodb.ClientEntryTest" time="0.004"/>
  <testcase name="clientEntryTest2()" classname="com.project.ipms.mongodb.ClientEntryTest" time="0.004"/>
  <system-out><![CDATA[2023-11-30T20:00:52.373-05:00  INFO 9013 --- [Pool-1-worker-1] t.c.s.AnnotationConfigContextLoaderUtils : Could not detect default configuration classes for test class [com.project.ipms.mongodb.ClientEntryTest]: ClientEntryTest does not declare any static, non-private, non-final, nested classes annotated with @Configuration.
2023-11-30T20:00:52.386-05:00  INFO 9013 --- [Pool-1-worker-1] .b.t.c.SpringBootTestContextBootstrapper : Found @SpringBootConfiguration com.project.ipms.IpmService for test class com.project.ipms.mongodb.ClientEntryTest
]]></system-out>
  <system-err><![CDATA[]]></system-err>
</testsuite>
