<?xml version="1.0" encoding="UTF-8"?>
<testsuite name="com.project.ipms.controller.ApiResponseTest" tests="5" skipped="0" failures="0" errors="0" timestamp="2023-11-28T02:29:14" hostname="MSI" time="0.005">
  <properties/>
  <testcase name="testToString()" classname="com.project.ipms.controller.ApiResponseTest" time="0.001"/>
  <testcase name="getStatusCode()" classname="com.project.ipms.controller.ApiResponseTest" time="0.0"/>
  <testcase name="testHashCode()" classname="com.project.ipms.controller.ApiResponseTest" time="0.001"/>
  <testcase name="getResponseMessage()" classname="com.project.ipms.controller.ApiResponseTest" time="0.001"/>
  <testcase name="testEquals()" classname="com.project.ipms.controller.ApiResponseTest" time="0.001"/>
  <system-out><![CDATA[]]></system-out>
  <system-err><![CDATA[]]></system-err>
</testsuite>
